[debug] [2025-03-22T10:30:07.343Z] ----------------------------------------------------------------------
[debug] [2025-03-22T10:30:07.346Z] Command:       C:\Program Files\nodejs\node.exe C:\Program Files\nodejs\node_modules\firebase-tools\lib\bin\firebase.js init hosting
[debug] [2025-03-22T10:30:07.346Z] CLI Version:   13.35.1
[debug] [2025-03-22T10:30:07.347Z] Platform:      win32
[debug] [2025-03-22T10:30:07.347Z] Node Version:  v22.13.0
[debug] [2025-03-22T10:30:07.347Z] Time:          Sat Mar 22 2025 15:30:07 GMT+0500 (Pakistan Standard Time)
[debug] [2025-03-22T10:30:07.347Z] ----------------------------------------------------------------------
[debug] 
[debug] [2025-03-22T10:30:07.618Z] > command requires scopes: ["email","openid","https://www.googleapis.com/auth/cloudplatformprojects.readonly","https://www.googleapis.com/auth/firebase","https://www.googleapis.com/auth/cloud-platform"]
[debug] [2025-03-22T10:30:07.619Z] > authorizing via signed-in user (zynabzahid877@gmail.com)
[info] 
     ######## #### ########  ######## ########     ###     ######  ########
     ##        ##  ##     ## ##       ##     ##  ##   ##  ##       ##
     ######    ##  ########  ######   ########  #########  ######  ######
     ##        ##  ##    ##  ##       ##     ## ##     ##       ## ##
     ##       #### ##     ## ######## ########  ##     ##  ######  ########

You're about to initialize a Firebase project in this directory:

  C:\Users\zaina\e-comm

Before we get started, keep in mind:

  * You are initializing within an existing Firebase project directory

